<?xml version="1.0" encoding="UTF-8"?>
<testsuite xmlns:xsi="http://www.w3.org/2001/XMLSchema-instance" xsi:noNamespaceSchemaLocation="https://maven.apache.org/surefire/maven-surefire-plugin/xsd/surefire-test-report-3.0.xsd" version="3.0" name="step_definitions.RunCukesTest" time="27.452" tests="10" errors="0" skipped="0" failures="0">
  <properties>
[...]
</properties>
  <testcase name="Given User already at home page" classname="Scenario: User Search for Services Centre" time="0">
    <system-out><![CDATA[Feature: User Search for Services Centre
]]></system-out>
    <system-err><![CDATA[SLF4J: No SLF4J providers were found.
SLF4J: Defaulting to no-operation (NOP) logger implementation
SLF4J: See https://www.slf4j.org/codes.html#noProviders for further details.
Starting ChromeDriver 114.0.5735.90 (386bc09e8f4f2e025eddae123f36f6263096ae49-refs/branch-heads/5735@{#1052}) on port 6892
Only local connections are allowed.
Please see https://chromedriver.chromium.org/security-considerations for suggestions on keeping ChromeDriver safe.
ChromeDriver was started successfully.
[1690527067.292][WARNING]: This version of ChromeDriver has not been tested with Chrome version 115.
Jul 28, 2023 1:51:07 PM org.openqa.selenium.devtools.CdpVersionFinder findNearestMatch
WARNING: Unable to find an exact match for CDP version 115, so returning the closest version found: 113
]]></system-err>
  </testcase>
  <testcase name="When User search for &quot;Apply for a number plate&quot;" classname="Scenario: User Search for Services Centre" time="0"/>
  <testcase name="Then Search result for &quot;Apply for a number plate&quot; will appear" classname="Scenario: User Search for Services Centre" time="0.008"/>
  <testcase name="And User click on chosen services from search result" classname="Scenario: User Search for Services Centre" time="0"/>
  <testcase name="And User click on find a service centre button" classname="Scenario: User Search for Services Centre" time="0"/>
  <testcase name="Then User already on find a service location page" classname="Scenario: User Search for Services Centre" time="0"/>
  <testcase name="And User search by suburb &quot;Sydney Domestic Airport 2020&quot;" classname="Scenario: User Search for Services Centre" time="0"/>
  <testcase name="And User set filter to service centre" classname="Scenario: User Search for Services Centre" time="0"/>
  <testcase name="And Service centre search result with name &quot;Rockdale Service Centre&quot; should appear" classname="Scenario: User Search for Services Centre" time="0"/>
  <testcase name="" classname="Scenario: User Search for Services Centre" time="0.681"/>
</testsuite>